mode: set
github.com/go-park-mail-ru/2020_2_MVVM.git/application/vacancy/delivery/http/handler.go:59.118,63.2 3 0
github.com/go-park-mail-ru/2020_2_MVVM.git/application/vacancy/delivery/http/handler.go:65.88,71.2 6 0
github.com/go-park-mail-ru/2020_2_MVVM.git/application/vacancy/delivery/http/handler.go:71.2,75.3 3 0
github.com/go-park-mail-ru/2020_2_MVVM.git/application/vacancy/delivery/http/handler.go:78.66,83.48 2 0
github.com/go-park-mail-ru/2020_2_MVVM.git/application/vacancy/delivery/http/handler.go:87.2,89.16 3 0
github.com/go-park-mail-ru/2020_2_MVVM.git/application/vacancy/delivery/http/handler.go:94.2,94.45 1 0
github.com/go-park-mail-ru/2020_2_MVVM.git/application/vacancy/delivery/http/handler.go:83.48,86.3 2 0
github.com/go-park-mail-ru/2020_2_MVVM.git/application/vacancy/delivery/http/handler.go:89.16,92.3 2 0
github.com/go-park-mail-ru/2020_2_MVVM.git/application/vacancy/delivery/http/handler.go:97.65,99.2 1 0
github.com/go-park-mail-ru/2020_2_MVVM.git/application/vacancy/delivery/http/handler.go:101.65,103.2 1 0
github.com/go-park-mail-ru/2020_2_MVVM.git/application/vacancy/delivery/http/handler.go:105.66,107.2 1 0
github.com/go-park-mail-ru/2020_2_MVVM.git/application/vacancy/delivery/http/handler.go:109.70,111.2 1 0
github.com/go-park-mail-ru/2020_2_MVVM.git/application/vacancy/delivery/http/handler.go:113.70,115.2 1 0
github.com/go-park-mail-ru/2020_2_MVVM.git/application/vacancy/delivery/http/handler.go:117.67,120.58 2 0
github.com/go-park-mail-ru/2020_2_MVVM.git/application/vacancy/delivery/http/handler.go:125.2,125.60 1 0
github.com/go-park-mail-ru/2020_2_MVVM.git/application/vacancy/delivery/http/handler.go:129.2,130.16 2 0
github.com/go-park-mail-ru/2020_2_MVVM.git/application/vacancy/delivery/http/handler.go:134.2,134.55 1 0
github.com/go-park-mail-ru/2020_2_MVVM.git/application/vacancy/delivery/http/handler.go:120.58,123.3 2 0
github.com/go-park-mail-ru/2020_2_MVVM.git/application/vacancy/delivery/http/handler.go:125.60,128.3 2 0
github.com/go-park-mail-ru/2020_2_MVVM.git/application/vacancy/delivery/http/handler.go:130.16,133.3 2 0
github.com/go-park-mail-ru/2020_2_MVVM.git/application/vacancy/delivery/http/handler.go:137.79,143.49 2 0
github.com/go-park-mail-ru/2020_2_MVVM.git/application/vacancy/delivery/http/handler.go:148.2,148.51 1 0
github.com/go-park-mail-ru/2020_2_MVVM.git/application/vacancy/delivery/http/handler.go:153.2,154.19 2 0
github.com/go-park-mail-ru/2020_2_MVVM.git/application/vacancy/delivery/http/handler.go:158.2,162.32 2 0
github.com/go-park-mail-ru/2020_2_MVVM.git/application/vacancy/delivery/http/handler.go:179.2,179.16 1 0
github.com/go-park-mail-ru/2020_2_MVVM.git/application/vacancy/delivery/http/handler.go:183.2,183.17 1 0
github.com/go-park-mail-ru/2020_2_MVVM.git/application/vacancy/delivery/http/handler.go:188.2,188.48 1 0
github.com/go-park-mail-ru/2020_2_MVVM.git/application/vacancy/delivery/http/handler.go:143.49,146.3 2 0
github.com/go-park-mail-ru/2020_2_MVVM.git/application/vacancy/delivery/http/handler.go:148.51,151.3 2 0
github.com/go-park-mail-ru/2020_2_MVVM.git/application/vacancy/delivery/http/handler.go:154.19,157.3 2 0
github.com/go-park-mail-ru/2020_2_MVVM.git/application/vacancy/delivery/http/handler.go:162.32,164.21 2 0
github.com/go-park-mail-ru/2020_2_MVVM.git/application/vacancy/delivery/http/handler.go:168.3,169.24 2 0
github.com/go-park-mail-ru/2020_2_MVVM.git/application/vacancy/delivery/http/handler.go:173.3,174.52 2 0
github.com/go-park-mail-ru/2020_2_MVVM.git/application/vacancy/delivery/http/handler.go:164.21,167.4 2 0
github.com/go-park-mail-ru/2020_2_MVVM.git/application/vacancy/delivery/http/handler.go:169.24,172.4 2 0
github.com/go-park-mail-ru/2020_2_MVVM.git/application/vacancy/delivery/http/handler.go:175.8,178.3 2 0
github.com/go-park-mail-ru/2020_2_MVVM.git/application/vacancy/delivery/http/handler.go:179.16,182.3 2 0
github.com/go-park-mail-ru/2020_2_MVVM.git/application/vacancy/delivery/http/handler.go:183.17,184.86 1 0
github.com/go-park-mail-ru/2020_2_MVVM.git/application/vacancy/delivery/http/handler.go:184.86,186.4 1 0
github.com/go-park-mail-ru/2020_2_MVVM.git/application/vacancy/delivery/http/handler.go:191.80,199.50 2 0
github.com/go-park-mail-ru/2020_2_MVVM.git/application/vacancy/delivery/http/handler.go:203.2,203.35 1 0
github.com/go-park-mail-ru/2020_2_MVVM.git/application/vacancy/delivery/http/handler.go:212.2,213.16 2 0
github.com/go-park-mail-ru/2020_2_MVVM.git/application/vacancy/delivery/http/handler.go:217.2,217.55 1 0
github.com/go-park-mail-ru/2020_2_MVVM.git/application/vacancy/delivery/http/handler.go:199.50,202.3 2 0
github.com/go-park-mail-ru/2020_2_MVVM.git/application/vacancy/delivery/http/handler.go:203.35,205.57 2 0
github.com/go-park-mail-ru/2020_2_MVVM.git/application/vacancy/delivery/http/handler.go:205.57,208.4 2 0
github.com/go-park-mail-ru/2020_2_MVVM.git/application/vacancy/delivery/http/handler.go:209.8,209.43 1 0
github.com/go-park-mail-ru/2020_2_MVVM.git/application/vacancy/delivery/http/handler.go:209.43,211.3 1 0
github.com/go-park-mail-ru/2020_2_MVVM.git/application/vacancy/delivery/http/handler.go:213.16,216.3 2 0
github.com/go-park-mail-ru/2020_2_MVVM.git/application/vacancy/repository/pg_repository.go:17.59,19.2 1 0
github.com/go-park-mail-ru/2020_2_MVVM.git/application/vacancy/repository/pg_repository.go:21.83,27.16 3 0
github.com/go-park-mail-ru/2020_2_MVVM.git/application/vacancy/repository/pg_repository.go:31.2,31.54 1 0
github.com/go-park-mail-ru/2020_2_MVVM.git/application/vacancy/repository/pg_repository.go:37.2,38.16 2 0
github.com/go-park-mail-ru/2020_2_MVVM.git/application/vacancy/repository/pg_repository.go:42.2,43.16 2 0
github.com/go-park-mail-ru/2020_2_MVVM.git/application/vacancy/repository/pg_repository.go:46.2,46.18 1 0
github.com/go-park-mail-ru/2020_2_MVVM.git/application/vacancy/repository/pg_repository.go:27.16,30.3 2 0
github.com/go-park-mail-ru/2020_2_MVVM.git/application/vacancy/repository/pg_repository.go:31.54,34.3 2 0
github.com/go-park-mail-ru/2020_2_MVVM.git/application/vacancy/repository/pg_repository.go:34.8,36.3 1 0
github.com/go-park-mail-ru/2020_2_MVVM.git/application/vacancy/repository/pg_repository.go:38.16,41.3 2 0
github.com/go-park-mail-ru/2020_2_MVVM.git/application/vacancy/repository/pg_repository.go:43.16,45.3 1 0
github.com/go-park-mail-ru/2020_2_MVVM.git/application/vacancy/repository/pg_repository.go:49.78,51.20 2 0
github.com/go-park-mail-ru/2020_2_MVVM.git/application/vacancy/repository/pg_repository.go:54.2,56.16 3 0
github.com/go-park-mail-ru/2020_2_MVVM.git/application/vacancy/repository/pg_repository.go:59.2,59.18 1 0
github.com/go-park-mail-ru/2020_2_MVVM.git/application/vacancy/repository/pg_repository.go:51.20,53.3 1 0
github.com/go-park-mail-ru/2020_2_MVVM.git/application/vacancy/repository/pg_repository.go:56.16,58.3 1 0
github.com/go-park-mail-ru/2020_2_MVVM.git/application/vacancy/repository/pg_repository.go:62.86,64.16 2 0
github.com/go-park-mail-ru/2020_2_MVVM.git/application/vacancy/repository/pg_repository.go:67.2,67.34 1 0
github.com/go-park-mail-ru/2020_2_MVVM.git/application/vacancy/repository/pg_repository.go:70.2,70.81 1 0
github.com/go-park-mail-ru/2020_2_MVVM.git/application/vacancy/repository/pg_repository.go:73.2,73.21 1 0
github.com/go-park-mail-ru/2020_2_MVVM.git/application/vacancy/repository/pg_repository.go:64.16,66.3 1 0
github.com/go-park-mail-ru/2020_2_MVVM.git/application/vacancy/repository/pg_repository.go:67.34,69.3 1 0
github.com/go-park-mail-ru/2020_2_MVVM.git/application/vacancy/repository/pg_repository.go:70.81,72.3 1 0
github.com/go-park-mail-ru/2020_2_MVVM.git/application/vacancy/repository/pg_repository.go:76.119,81.20 2 0
github.com/go-park-mail-ru/2020_2_MVVM.git/application/vacancy/repository/pg_repository.go:84.2,84.35 1 0
github.com/go-park-mail-ru/2020_2_MVVM.git/application/vacancy/repository/pg_repository.go:91.2,91.16 1 0
github.com/go-park-mail-ru/2020_2_MVVM.git/application/vacancy/repository/pg_repository.go:95.2,95.21 1 0
github.com/go-park-mail-ru/2020_2_MVVM.git/application/vacancy/repository/pg_repository.go:81.20,83.3 1 0
github.com/go-park-mail-ru/2020_2_MVVM.git/application/vacancy/repository/pg_repository.go:84.35,86.3 1 0
github.com/go-park-mail-ru/2020_2_MVVM.git/application/vacancy/repository/pg_repository.go:86.8,86.43 1 0
github.com/go-park-mail-ru/2020_2_MVVM.git/application/vacancy/repository/pg_repository.go:86.43,88.3 1 0
github.com/go-park-mail-ru/2020_2_MVVM.git/application/vacancy/repository/pg_repository.go:88.8,90.3 1 0
github.com/go-park-mail-ru/2020_2_MVVM.git/application/vacancy/repository/pg_repository.go:91.16,94.3 2 0
github.com/go-park-mail-ru/2020_2_MVVM.git/application/vacancy/repository/pg_repository.go:98.101,101.80 2 0
github.com/go-park-mail-ru/2020_2_MVVM.git/application/vacancy/repository/pg_repository.go:135.2,135.16 1 0
github.com/go-park-mail-ru/2020_2_MVVM.git/application/vacancy/repository/pg_repository.go:140.2,140.21 1 0
github.com/go-park-mail-ru/2020_2_MVVM.git/application/vacancy/repository/pg_repository.go:101.80,102.29 1 0
github.com/go-park-mail-ru/2020_2_MVVM.git/application/vacancy/repository/pg_repository.go:105.3,105.31 1 0
github.com/go-park-mail-ru/2020_2_MVVM.git/application/vacancy/repository/pg_repository.go:108.3,108.38 1 0
github.com/go-park-mail-ru/2020_2_MVVM.git/application/vacancy/repository/pg_repository.go:111.3,111.35 1 0
github.com/go-park-mail-ru/2020_2_MVVM.git/application/vacancy/repository/pg_repository.go:114.3,114.39 1 0
github.com/go-park-mail-ru/2020_2_MVVM.git/application/vacancy/repository/pg_repository.go:117.3,117.34 1 0
github.com/go-park-mail-ru/2020_2_MVVM.git/application/vacancy/repository/pg_repository.go:120.3,120.34 1 0
github.com/go-park-mail-ru/2020_2_MVVM.git/application/vacancy/repository/pg_repository.go:123.3,123.53 1 0
github.com/go-park-mail-ru/2020_2_MVVM.git/application/vacancy/repository/pg_repository.go:127.3,127.28 1 0
github.com/go-park-mail-ru/2020_2_MVVM.git/application/vacancy/repository/pg_repository.go:130.3,130.27 1 0
github.com/go-park-mail-ru/2020_2_MVVM.git/application/vacancy/repository/pg_repository.go:133.3,133.16 1 0
github.com/go-park-mail-ru/2020_2_MVVM.git/application/vacancy/repository/pg_repository.go:102.29,104.4 1 0
github.com/go-park-mail-ru/2020_2_MVVM.git/application/vacancy/repository/pg_repository.go:105.31,107.4 1 0
github.com/go-park-mail-ru/2020_2_MVVM.git/application/vacancy/repository/pg_repository.go:108.38,110.4 1 0
github.com/go-park-mail-ru/2020_2_MVVM.git/application/vacancy/repository/pg_repository.go:111.35,113.4 1 0
github.com/go-park-mail-ru/2020_2_MVVM.git/application/vacancy/repository/pg_repository.go:114.39,116.4 1 0
github.com/go-park-mail-ru/2020_2_MVVM.git/application/vacancy/repository/pg_repository.go:117.34,119.4 1 0
github.com/go-park-mail-ru/2020_2_MVVM.git/application/vacancy/repository/pg_repository.go:120.34,122.4 1 0
github.com/go-park-mail-ru/2020_2_MVVM.git/application/vacancy/repository/pg_repository.go:123.53,126.4 1 0
github.com/go-park-mail-ru/2020_2_MVVM.git/application/vacancy/repository/pg_repository.go:127.28,129.4 1 0
github.com/go-park-mail-ru/2020_2_MVVM.git/application/vacancy/repository/pg_repository.go:130.27,132.4 1 0
github.com/go-park-mail-ru/2020_2_MVVM.git/application/vacancy/repository/pg_repository.go:135.16,138.3 2 0
github.com/go-park-mail-ru/2020_2_MVVM.git/application/vacancy/usecase/usecase.go:21.51,27.2 1 0
github.com/go-park-mail-ru/2020_2_MVVM.git/application/vacancy/usecase/usecase.go:29.88,31.16 2 1
github.com/go-park-mail-ru/2020_2_MVVM.git/application/vacancy/usecase/usecase.go:35.2,35.17 1 1
github.com/go-park-mail-ru/2020_2_MVVM.git/application/vacancy/usecase/usecase.go:31.16,34.3 2 1
github.com/go-park-mail-ru/2020_2_MVVM.git/application/vacancy/usecase/usecase.go:38.75,40.16 2 1
github.com/go-park-mail-ru/2020_2_MVVM.git/application/vacancy/usecase/usecase.go:44.2,44.17 1 1
github.com/go-park-mail-ru/2020_2_MVVM.git/application/vacancy/usecase/usecase.go:40.16,43.3 2 1
github.com/go-park-mail-ru/2020_2_MVVM.git/application/vacancy/usecase/usecase.go:47.87,50.16 2 1
github.com/go-park-mail-ru/2020_2_MVVM.git/application/vacancy/usecase/usecase.go:54.2,54.17 1 1
github.com/go-park-mail-ru/2020_2_MVVM.git/application/vacancy/usecase/usecase.go:50.16,53.3 2 1
github.com/go-park-mail-ru/2020_2_MVVM.git/application/vacancy/usecase/usecase.go:57.116,59.16 2 1
github.com/go-park-mail-ru/2020_2_MVVM.git/application/vacancy/usecase/usecase.go:63.2,63.21 1 1
github.com/go-park-mail-ru/2020_2_MVVM.git/application/vacancy/usecase/usecase.go:59.16,62.3 2 1
github.com/go-park-mail-ru/2020_2_MVVM.git/application/vacancy/usecase/usecase.go:66.102,67.27 1 1
github.com/go-park-mail-ru/2020_2_MVVM.git/application/vacancy/usecase/usecase.go:70.2,70.28 1 1
github.com/go-park-mail-ru/2020_2_MVVM.git/application/vacancy/usecase/usecase.go:73.2,73.26 1 1
github.com/go-park-mail-ru/2020_2_MVVM.git/application/vacancy/usecase/usecase.go:84.2,86.16 3 1
github.com/go-park-mail-ru/2020_2_MVVM.git/application/vacancy/usecase/usecase.go:89.2,89.21 1 1
github.com/go-park-mail-ru/2020_2_MVVM.git/application/vacancy/usecase/usecase.go:67.27,69.3 1 1
github.com/go-park-mail-ru/2020_2_MVVM.git/application/vacancy/usecase/usecase.go:70.28,72.3 1 1
github.com/go-park-mail-ru/2020_2_MVVM.git/application/vacancy/usecase/usecase.go:73.26,74.114 1 1
github.com/go-park-mail-ru/2020_2_MVVM.git/application/vacancy/usecase/usecase.go:74.114,75.20 1 1
github.com/go-park-mail-ru/2020_2_MVVM.git/application/vacancy/usecase/usecase.go:75.20,77.5 1 0
github.com/go-park-mail-ru/2020_2_MVVM.git/application/vacancy/usecase/usecase.go:77.10,79.5 1 1
github.com/go-park-mail-ru/2020_2_MVVM.git/application/vacancy/usecase/usecase.go:80.9,82.4 1 0
github.com/go-park-mail-ru/2020_2_MVVM.git/application/vacancy/usecase/usecase.go:86.16,88.3 1 1
github.com/go-park-mail-ru/2020_2_MVVM.git/application/vacancy/repository/pg_repository.go:17.59,19.2 1 0
github.com/go-park-mail-ru/2020_2_MVVM.git/application/vacancy/repository/pg_repository.go:21.83,27.16 3 0
github.com/go-park-mail-ru/2020_2_MVVM.git/application/vacancy/repository/pg_repository.go:31.2,31.54 1 0
github.com/go-park-mail-ru/2020_2_MVVM.git/application/vacancy/repository/pg_repository.go:37.2,38.16 2 0
github.com/go-park-mail-ru/2020_2_MVVM.git/application/vacancy/repository/pg_repository.go:42.2,43.16 2 0
github.com/go-park-mail-ru/2020_2_MVVM.git/application/vacancy/repository/pg_repository.go:46.2,46.18 1 0
github.com/go-park-mail-ru/2020_2_MVVM.git/application/vacancy/repository/pg_repository.go:27.16,30.3 2 0
github.com/go-park-mail-ru/2020_2_MVVM.git/application/vacancy/repository/pg_repository.go:31.54,34.3 2 0
github.com/go-park-mail-ru/2020_2_MVVM.git/application/vacancy/repository/pg_repository.go:34.8,36.3 1 0
github.com/go-park-mail-ru/2020_2_MVVM.git/application/vacancy/repository/pg_repository.go:38.16,41.3 2 0
github.com/go-park-mail-ru/2020_2_MVVM.git/application/vacancy/repository/pg_repository.go:43.16,45.3 1 0
github.com/go-park-mail-ru/2020_2_MVVM.git/application/vacancy/repository/pg_repository.go:49.78,51.20 2 0
github.com/go-park-mail-ru/2020_2_MVVM.git/application/vacancy/repository/pg_repository.go:54.2,56.16 3 0
github.com/go-park-mail-ru/2020_2_MVVM.git/application/vacancy/repository/pg_repository.go:59.2,59.18 1 0
github.com/go-park-mail-ru/2020_2_MVVM.git/application/vacancy/repository/pg_repository.go:51.20,53.3 1 0
github.com/go-park-mail-ru/2020_2_MVVM.git/application/vacancy/repository/pg_repository.go:56.16,58.3 1 0
github.com/go-park-mail-ru/2020_2_MVVM.git/application/vacancy/repository/pg_repository.go:62.86,64.16 2 0
github.com/go-park-mail-ru/2020_2_MVVM.git/application/vacancy/repository/pg_repository.go:67.2,67.34 1 0
github.com/go-park-mail-ru/2020_2_MVVM.git/application/vacancy/repository/pg_repository.go:70.2,70.81 1 0
github.com/go-park-mail-ru/2020_2_MVVM.git/application/vacancy/repository/pg_repository.go:73.2,73.21 1 0
github.com/go-park-mail-ru/2020_2_MVVM.git/application/vacancy/repository/pg_repository.go:64.16,66.3 1 0
github.com/go-park-mail-ru/2020_2_MVVM.git/application/vacancy/repository/pg_repository.go:67.34,69.3 1 0
github.com/go-park-mail-ru/2020_2_MVVM.git/application/vacancy/repository/pg_repository.go:70.81,72.3 1 0
github.com/go-park-mail-ru/2020_2_MVVM.git/application/vacancy/repository/pg_repository.go:76.119,81.20 2 0
github.com/go-park-mail-ru/2020_2_MVVM.git/application/vacancy/repository/pg_repository.go:84.2,84.35 1 0
github.com/go-park-mail-ru/2020_2_MVVM.git/application/vacancy/repository/pg_repository.go:91.2,91.16 1 0
github.com/go-park-mail-ru/2020_2_MVVM.git/application/vacancy/repository/pg_repository.go:95.2,95.21 1 0
github.com/go-park-mail-ru/2020_2_MVVM.git/application/vacancy/repository/pg_repository.go:81.20,83.3 1 0
github.com/go-park-mail-ru/2020_2_MVVM.git/application/vacancy/repository/pg_repository.go:84.35,86.3 1 0
github.com/go-park-mail-ru/2020_2_MVVM.git/application/vacancy/repository/pg_repository.go:86.8,86.43 1 0
github.com/go-park-mail-ru/2020_2_MVVM.git/application/vacancy/repository/pg_repository.go:86.43,88.3 1 0
github.com/go-park-mail-ru/2020_2_MVVM.git/application/vacancy/repository/pg_repository.go:88.8,90.3 1 0
github.com/go-park-mail-ru/2020_2_MVVM.git/application/vacancy/repository/pg_repository.go:91.16,94.3 2 0
github.com/go-park-mail-ru/2020_2_MVVM.git/application/vacancy/repository/pg_repository.go:98.101,101.80 2 0
github.com/go-park-mail-ru/2020_2_MVVM.git/application/vacancy/repository/pg_repository.go:135.2,135.16 1 0
github.com/go-park-mail-ru/2020_2_MVVM.git/application/vacancy/repository/pg_repository.go:140.2,140.21 1 0
github.com/go-park-mail-ru/2020_2_MVVM.git/application/vacancy/repository/pg_repository.go:101.80,102.29 1 0
github.com/go-park-mail-ru/2020_2_MVVM.git/application/vacancy/repository/pg_repository.go:105.3,105.31 1 0
github.com/go-park-mail-ru/2020_2_MVVM.git/application/vacancy/repository/pg_repository.go:108.3,108.38 1 0
github.com/go-park-mail-ru/2020_2_MVVM.git/application/vacancy/repository/pg_repository.go:111.3,111.35 1 0
github.com/go-park-mail-ru/2020_2_MVVM.git/application/vacancy/repository/pg_repository.go:114.3,114.39 1 0
github.com/go-park-mail-ru/2020_2_MVVM.git/application/vacancy/repository/pg_repository.go:117.3,117.34 1 0
github.com/go-park-mail-ru/2020_2_MVVM.git/application/vacancy/repository/pg_repository.go:120.3,120.34 1 0
github.com/go-park-mail-ru/2020_2_MVVM.git/application/vacancy/repository/pg_repository.go:123.3,123.53 1 0
github.com/go-park-mail-ru/2020_2_MVVM.git/application/vacancy/repository/pg_repository.go:127.3,127.28 1 0
github.com/go-park-mail-ru/2020_2_MVVM.git/application/vacancy/repository/pg_repository.go:130.3,130.27 1 0
github.com/go-park-mail-ru/2020_2_MVVM.git/application/vacancy/repository/pg_repository.go:133.3,133.16 1 0
github.com/go-park-mail-ru/2020_2_MVVM.git/application/vacancy/repository/pg_repository.go:102.29,104.4 1 0
github.com/go-park-mail-ru/2020_2_MVVM.git/application/vacancy/repository/pg_repository.go:105.31,107.4 1 0
github.com/go-park-mail-ru/2020_2_MVVM.git/application/vacancy/repository/pg_repository.go:108.38,110.4 1 0
github.com/go-park-mail-ru/2020_2_MVVM.git/application/vacancy/repository/pg_repository.go:111.35,113.4 1 0
github.com/go-park-mail-ru/2020_2_MVVM.git/application/vacancy/repository/pg_repository.go:114.39,116.4 1 0
github.com/go-park-mail-ru/2020_2_MVVM.git/application/vacancy/repository/pg_repository.go:117.34,119.4 1 0
github.com/go-park-mail-ru/2020_2_MVVM.git/application/vacancy/repository/pg_repository.go:120.34,122.4 1 0
github.com/go-park-mail-ru/2020_2_MVVM.git/application/vacancy/repository/pg_repository.go:123.53,126.4 1 0
github.com/go-park-mail-ru/2020_2_MVVM.git/application/vacancy/repository/pg_repository.go:127.28,129.4 1 0
github.com/go-park-mail-ru/2020_2_MVVM.git/application/vacancy/repository/pg_repository.go:130.27,132.4 1 0
github.com/go-park-mail-ru/2020_2_MVVM.git/application/vacancy/repository/pg_repository.go:135.16,138.3 2 0
github.com/go-park-mail-ru/2020_2_MVVM.git/application/vacancy/usecase/usecase.go:21.51,27.2 1 0
github.com/go-park-mail-ru/2020_2_MVVM.git/application/vacancy/usecase/usecase.go:29.88,31.16 2 0
github.com/go-park-mail-ru/2020_2_MVVM.git/application/vacancy/usecase/usecase.go:35.2,35.17 1 0
github.com/go-park-mail-ru/2020_2_MVVM.git/application/vacancy/usecase/usecase.go:31.16,34.3 2 0
github.com/go-park-mail-ru/2020_2_MVVM.git/application/vacancy/usecase/usecase.go:38.75,40.16 2 0
github.com/go-park-mail-ru/2020_2_MVVM.git/application/vacancy/usecase/usecase.go:44.2,44.17 1 0
github.com/go-park-mail-ru/2020_2_MVVM.git/application/vacancy/usecase/usecase.go:40.16,43.3 2 0
github.com/go-park-mail-ru/2020_2_MVVM.git/application/vacancy/usecase/usecase.go:47.87,50.16 2 0
github.com/go-park-mail-ru/2020_2_MVVM.git/application/vacancy/usecase/usecase.go:54.2,54.17 1 0
github.com/go-park-mail-ru/2020_2_MVVM.git/application/vacancy/usecase/usecase.go:50.16,53.3 2 0
github.com/go-park-mail-ru/2020_2_MVVM.git/application/vacancy/usecase/usecase.go:57.116,59.16 2 0
github.com/go-park-mail-ru/2020_2_MVVM.git/application/vacancy/usecase/usecase.go:63.2,63.21 1 0
github.com/go-park-mail-ru/2020_2_MVVM.git/application/vacancy/usecase/usecase.go:59.16,62.3 2 0
github.com/go-park-mail-ru/2020_2_MVVM.git/application/vacancy/usecase/usecase.go:66.102,67.27 1 0
github.com/go-park-mail-ru/2020_2_MVVM.git/application/vacancy/usecase/usecase.go:70.2,70.28 1 0
github.com/go-park-mail-ru/2020_2_MVVM.git/application/vacancy/usecase/usecase.go:73.2,73.26 1 0
github.com/go-park-mail-ru/2020_2_MVVM.git/application/vacancy/usecase/usecase.go:84.2,86.16 3 0
github.com/go-park-mail-ru/2020_2_MVVM.git/application/vacancy/usecase/usecase.go:89.2,89.21 1 0
github.com/go-park-mail-ru/2020_2_MVVM.git/application/vacancy/usecase/usecase.go:67.27,69.3 1 0
github.com/go-park-mail-ru/2020_2_MVVM.git/application/vacancy/usecase/usecase.go:70.28,72.3 1 0
github.com/go-park-mail-ru/2020_2_MVVM.git/application/vacancy/usecase/usecase.go:73.26,74.114 1 0
github.com/go-park-mail-ru/2020_2_MVVM.git/application/vacancy/usecase/usecase.go:74.114,75.20 1 0
github.com/go-park-mail-ru/2020_2_MVVM.git/application/vacancy/usecase/usecase.go:75.20,77.5 1 0
github.com/go-park-mail-ru/2020_2_MVVM.git/application/vacancy/usecase/usecase.go:77.10,79.5 1 0
github.com/go-park-mail-ru/2020_2_MVVM.git/application/vacancy/usecase/usecase.go:80.9,82.4 1 0
github.com/go-park-mail-ru/2020_2_MVVM.git/application/vacancy/usecase/usecase.go:86.16,88.3 1 0
github.com/go-park-mail-ru/2020_2_MVVM.git/application/vacancy/delivery/http/handler.go:59.118,63.2 3 1
github.com/go-park-mail-ru/2020_2_MVVM.git/application/vacancy/delivery/http/handler.go:65.88,71.2 6 1
github.com/go-park-mail-ru/2020_2_MVVM.git/application/vacancy/delivery/http/handler.go:71.2,75.3 3 1
github.com/go-park-mail-ru/2020_2_MVVM.git/application/vacancy/delivery/http/handler.go:78.66,83.48 2 1
github.com/go-park-mail-ru/2020_2_MVVM.git/application/vacancy/delivery/http/handler.go:87.2,89.16 3 1
github.com/go-park-mail-ru/2020_2_MVVM.git/application/vacancy/delivery/http/handler.go:94.2,94.45 1 1
github.com/go-park-mail-ru/2020_2_MVVM.git/application/vacancy/delivery/http/handler.go:83.48,86.3 2 1
github.com/go-park-mail-ru/2020_2_MVVM.git/application/vacancy/delivery/http/handler.go:89.16,92.3 2 1
github.com/go-park-mail-ru/2020_2_MVVM.git/application/vacancy/delivery/http/handler.go:97.65,99.2 1 0
github.com/go-park-mail-ru/2020_2_MVVM.git/application/vacancy/delivery/http/handler.go:101.65,103.2 1 0
github.com/go-park-mail-ru/2020_2_MVVM.git/application/vacancy/delivery/http/handler.go:105.66,107.2 1 1
github.com/go-park-mail-ru/2020_2_MVVM.git/application/vacancy/delivery/http/handler.go:109.70,111.2 1 0
github.com/go-park-mail-ru/2020_2_MVVM.git/application/vacancy/delivery/http/handler.go:113.70,115.2 1 1
github.com/go-park-mail-ru/2020_2_MVVM.git/application/vacancy/delivery/http/handler.go:117.67,120.58 2 1
github.com/go-park-mail-ru/2020_2_MVVM.git/application/vacancy/delivery/http/handler.go:125.2,125.60 1 1
github.com/go-park-mail-ru/2020_2_MVVM.git/application/vacancy/delivery/http/handler.go:129.2,130.16 2 1
github.com/go-park-mail-ru/2020_2_MVVM.git/application/vacancy/delivery/http/handler.go:134.2,134.55 1 1
github.com/go-park-mail-ru/2020_2_MVVM.git/application/vacancy/delivery/http/handler.go:120.58,123.3 2 1
github.com/go-park-mail-ru/2020_2_MVVM.git/application/vacancy/delivery/http/handler.go:125.60,128.3 2 0
github.com/go-park-mail-ru/2020_2_MVVM.git/application/vacancy/delivery/http/handler.go:130.16,133.3 2 1
github.com/go-park-mail-ru/2020_2_MVVM.git/application/vacancy/delivery/http/handler.go:137.79,143.49 2 0
github.com/go-park-mail-ru/2020_2_MVVM.git/application/vacancy/delivery/http/handler.go:148.2,148.51 1 0
github.com/go-park-mail-ru/2020_2_MVVM.git/application/vacancy/delivery/http/handler.go:153.2,154.19 2 0
github.com/go-park-mail-ru/2020_2_MVVM.git/application/vacancy/delivery/http/handler.go:158.2,162.32 2 0
github.com/go-park-mail-ru/2020_2_MVVM.git/application/vacancy/delivery/http/handler.go:179.2,179.16 1 0
github.com/go-park-mail-ru/2020_2_MVVM.git/application/vacancy/delivery/http/handler.go:183.2,183.17 1 0
github.com/go-park-mail-ru/2020_2_MVVM.git/application/vacancy/delivery/http/handler.go:188.2,188.48 1 0
github.com/go-park-mail-ru/2020_2_MVVM.git/application/vacancy/delivery/http/handler.go:143.49,146.3 2 0
github.com/go-park-mail-ru/2020_2_MVVM.git/application/vacancy/delivery/http/handler.go:148.51,151.3 2 0
github.com/go-park-mail-ru/2020_2_MVVM.git/application/vacancy/delivery/http/handler.go:154.19,157.3 2 0
github.com/go-park-mail-ru/2020_2_MVVM.git/application/vacancy/delivery/http/handler.go:162.32,164.21 2 0
github.com/go-park-mail-ru/2020_2_MVVM.git/application/vacancy/delivery/http/handler.go:168.3,169.24 2 0
github.com/go-park-mail-ru/2020_2_MVVM.git/application/vacancy/delivery/http/handler.go:173.3,174.52 2 0
github.com/go-park-mail-ru/2020_2_MVVM.git/application/vacancy/delivery/http/handler.go:164.21,167.4 2 0
github.com/go-park-mail-ru/2020_2_MVVM.git/application/vacancy/delivery/http/handler.go:169.24,172.4 2 0
github.com/go-park-mail-ru/2020_2_MVVM.git/application/vacancy/delivery/http/handler.go:175.8,178.3 2 0
github.com/go-park-mail-ru/2020_2_MVVM.git/application/vacancy/delivery/http/handler.go:179.16,182.3 2 0
github.com/go-park-mail-ru/2020_2_MVVM.git/application/vacancy/delivery/http/handler.go:183.17,184.86 1 0
github.com/go-park-mail-ru/2020_2_MVVM.git/application/vacancy/delivery/http/handler.go:184.86,186.4 1 0
github.com/go-park-mail-ru/2020_2_MVVM.git/application/vacancy/delivery/http/handler.go:191.80,199.50 2 1
github.com/go-park-mail-ru/2020_2_MVVM.git/application/vacancy/delivery/http/handler.go:203.2,203.35 1 1
github.com/go-park-mail-ru/2020_2_MVVM.git/application/vacancy/delivery/http/handler.go:212.2,213.16 2 1
github.com/go-park-mail-ru/2020_2_MVVM.git/application/vacancy/delivery/http/handler.go:217.2,217.55 1 1
github.com/go-park-mail-ru/2020_2_MVVM.git/application/vacancy/delivery/http/handler.go:199.50,202.3 2 1
github.com/go-park-mail-ru/2020_2_MVVM.git/application/vacancy/delivery/http/handler.go:203.35,205.57 2 0
github.com/go-park-mail-ru/2020_2_MVVM.git/application/vacancy/delivery/http/handler.go:205.57,208.4 2 0
github.com/go-park-mail-ru/2020_2_MVVM.git/application/vacancy/delivery/http/handler.go:209.8,209.43 1 1
github.com/go-park-mail-ru/2020_2_MVVM.git/application/vacancy/delivery/http/handler.go:209.43,211.3 1 1
github.com/go-park-mail-ru/2020_2_MVVM.git/application/vacancy/delivery/http/handler.go:213.16,216.3 2 1
